<?xml version="1.0" encoding="UTF-8"?>
<!-- Generated by org.testng.reporters.JUnitReportReporter -->
<testsuite skipped="0" hostname="DESKTOP-5KU8V7V" name="stepdefinition.TestRunner" tests="1" failures="0" timestamp="2020-11-05T14:25:01 IST" time="0.138" errors="1">
  <testcase name="runScenario" time="0.138" classname="stepdefinition.TestRunner">
    <error type="io.cucumber.testng.UndefinedStepException" message="The step &quot;user adds a new address &quot;&lt;&quot;First name&quot;&gt;&quot; &quot;&lt;&quot;Last name&quot;&gt;&quot; &quot;&lt;&quot;Company&quot;&gt;&quot; &quot;&lt;&quot;Address&quot;&gt;&quot; &quot;&lt;&quot;City&quot;&gt;&quot; &quot;&lt;&quot;State&quot;&gt;&quot; &quot;&lt;&quot;Zip/Postal Code&quot;&gt;&quot; &quot;&lt;&quot;Country&quot;&gt;&quot; &quot;&lt;&quot;Home phone&quot;&gt;&quot; &quot;&lt;&quot;Mobile phone&quot;&gt;&quot; &quot;&lt;&quot;Address Name&quot;&gt;&quot;&quot; is undefined. You can implement it using the snippet(s) below:

@Then(&quot;user adds a new address \&quot;&lt;\&quot;First name\&quot;&gt;\&quot; \&quot;&lt;\&quot;Last name\&quot;&gt;\&quot; \&quot;&lt;\&quot;Company\&quot;&gt;\&quot; \&quot;&lt;\&quot;Address\&quot;&gt;\&quot; \&quot;&lt;\&quot;City\&quot;&gt;\&quot; \&quot;&lt;\&quot;State\&quot;&gt;\&quot; \&quot;&lt;\&quot;Zip\\/Postal Code\&quot;&gt;\&quot; \&quot;&lt;\&quot;Country\&quot;&gt;\&quot; \&quot;&lt;\&quot;Home phone\&quot;&gt;\&quot; \&quot;&lt;\&quot;Mobile phone\&quot;&gt;\&quot; \&quot;&lt;\&quot;Address Name\&quot;&gt;\&quot;&quot;)
public void user_adds_a_new_address_first_name_last_name_company_address_city_state_zip_postal_code_country_home_phone_mobile_phone_address_name() {
    // Write code here that turns the phrase above into concrete actions
    throw new io.cucumber.java.PendingException();
}
">
      <![CDATA[io.cucumber.testng.UndefinedStepException: The step "user adds a new address "<"First name">" "<"Last name">" "<"Company">" "<"Address">" "<"City">" "<"State">" "<"Zip/Postal Code">" "<"Country">" "<"Home phone">" "<"Mobile phone">" "<"Address Name">"" is undefined. You can implement it using the snippet(s) below:

@Then("user adds a new address \"<\"First name\">\" \"<\"Last name\">\" \"<\"Company\">\" \"<\"Address\">\" \"<\"City\">\" \"<\"State\">\" \"<\"Zip\\/Postal Code\">\" \"<\"Country\">\" \"<\"Home phone\">\" \"<\"Mobile phone\">\" \"<\"Address Name\">\"")
public void user_adds_a_new_address_first_name_last_name_company_address_city_state_zip_postal_code_country_home_phone_mobile_phone_address_name() {
    // Write code here that turns the phrase above into concrete actions
    throw new io.cucumber.java.PendingException();
}

at io.cucumber.core.runtime.TestCaseResultObserver.assertTestCasePassed(TestCaseResultObserver.java:102)
at io.cucumber.testng.TestCaseResultObserver.assertTestCasePassed(TestCaseResultObserver.java:23)
at io.cucumber.testng.TestNGCucumberRunner.lambda$runScenario$0(TestNGCucumberRunner.java:117)
at io.cucumber.core.runtime.CucumberExecutionContext.runTestCase(CucumberExecutionContext.java:117)
at io.cucumber.testng.TestNGCucumberRunner.runScenario(TestNGCucumberRunner.java:113)
at io.cucumber.testng.AbstractTestNGCucumberTests.runScenario(AbstractTestNGCucumberTests.java:31)
at sun.reflect.NativeMethodAccessorImpl.invoke0(Native Method)
at sun.reflect.NativeMethodAccessorImpl.invoke(Unknown Source)
at sun.reflect.DelegatingMethodAccessorImpl.invoke(Unknown Source)
at java.lang.reflect.Method.invoke(Unknown Source)
at org.testng.internal.MethodInvocationHelper.invokeMethod(MethodInvocationHelper.java:132)
at org.testng.internal.TestInvoker.invokeMethod(TestInvoker.java:599)
at org.testng.internal.TestInvoker.invokeTestMethod(TestInvoker.java:174)
at org.testng.internal.MethodRunner.runInSequence(MethodRunner.java:46)
at org.testng.internal.TestInvoker$MethodInvocationAgent.invoke(TestInvoker.java:822)
at org.testng.internal.TestInvoker.invokeTestMethods(TestInvoker.java:147)
at org.testng.internal.TestMethodWorker.invokeTestMethods(TestMethodWorker.java:146)
at org.testng.internal.TestMethodWorker.run(TestMethodWorker.java:128)
at java.util.ArrayList.forEach(Unknown Source)
at org.testng.TestRunner.privateRun(TestRunner.java:764)
at org.testng.TestRunner.run(TestRunner.java:585)
at org.testng.SuiteRunner.runTest(SuiteRunner.java:384)
at org.testng.SuiteRunner.runSequentially(SuiteRunner.java:378)
at org.testng.SuiteRunner.privateRun(SuiteRunner.java:337)
at org.testng.SuiteRunner.run(SuiteRunner.java:286)
at org.testng.SuiteRunnerWorker.runSuite(SuiteRunnerWorker.java:53)
at org.testng.SuiteRunnerWorker.run(SuiteRunnerWorker.java:96)
at org.testng.TestNG.runSuitesSequentially(TestNG.java:1218)
at org.testng.TestNG.runSuitesLocally(TestNG.java:1140)
at org.testng.TestNG.runSuites(TestNG.java:1069)
at org.testng.TestNG.run(TestNG.java:1037)
at org.testng.remote.AbstractRemoteTestNG.run(AbstractRemoteTestNG.java:115)
at org.testng.remote.RemoteTestNG.initAndRun(RemoteTestNG.java:251)
at org.testng.remote.RemoteTestNG.main(RemoteTestNG.java:77)
]]>
    </error>
  </testcase> <!-- runScenario -->
  <system-out/>
</testsuite> <!-- stepdefinition.TestRunner -->
